<?xml version="1.0" encoding="UTF-8"?>
<!-- Generated by org.testng.reporters.JUnitReportReporter -->
<testsuite skipped="0" hostname="BDC6-DX-84HRX52" name="day4.groupingtestng" tests="2" failures="0" timestamp="2020-01-23T11:00:33 IST" time="0.018" errors="0">
  <testcase name="CarTest" time="0.017" classname="day4.groupingtestng"/>
  <testcase name="Sedan1" time="0.001" classname="day4.groupingtestng"/>
</testsuite> <!-- day4.groupingtestng -->
