<?xml version="1.0" encoding="UTF-8"?>
<!-- Generated by org.testng.reporters.JUnitReportReporter -->
<testsuite skipped="0" hostname="BDC6-DX-84HRX52" name="testngdemos.dataProvider" tests="3" failures="0" timestamp="2020-01-21T14:56:34 IST" time="0.017" errors="0">
  <testcase name="DataInfo" time="0.002" classname="testngdemos.dataProvider"/>
  <testcase name="DataInfo" time="0.012" classname="testngdemos.dataProvider"/>
  <testcase name="DataInfo" time="0.003" classname="testngdemos.dataProvider"/>
</testsuite> <!-- testngdemos.dataProvider -->
