<?xml version="1.0" encoding="UTF-8"?>
<!-- Generated by org.testng.reporters.JUnitReportReporter -->
<testsuite skipped="0" hostname="BDC6-DX-84HRX52" name="testngdemos.groupingtestng" tests="3" failures="0" timestamp="2020-01-23T10:04:28 IST" time="0.017" errors="0">
  <testcase name="Scooters2" time="0.001" classname="testngdemos.groupingtestng"/>
  <testcase name="CarTest" time="0.014" classname="testngdemos.groupingtestng"/>
  <testcase name="Sedan1" time="0.002" classname="testngdemos.groupingtestng"/>
</testsuite> <!-- testngdemos.groupingtestng -->
