<?xml version="1.0" encoding="UTF-8"?>
<!-- Generated by org.testng.reporters.JUnitReportReporter -->
<testsuite skipped="0" hostname="BDC6-DX-84HRX52" name="testngdemos.SampleTest" tests="4" failures="0" timestamp="2020-01-21T14:17:01 IST" time="0.015" errors="0">
  <testcase name="validate_Sign_on" time="0.008" classname="testngdemos.SampleTest"/>
  <testcase name="validate_Regidter" time="0.002" classname="testngdemos.SampleTest"/>
  <testcase name="validate_Support" time="0.003" classname="testngdemos.SampleTest"/>
  <testcase name="validate_Contact" time="0.002" classname="testngdemos.SampleTest"/>
</testsuite> <!-- testngdemos.SampleTest -->
