<?xml version="1.0" encoding="UTF-8"?>
<!-- Generated by org.testng.reporters.JUnitReportReporter -->
<testsuite skipped="0" hostname="BDC6-DX-84HRX52" name="day4.googletest" tests="1" failures="0" timestamp="2020-01-23T10:47:58 IST" time="0.010" errors="0">
  <testcase name="f" time="0.010" classname="day4.googletest"/>
</testsuite> <!-- day4.googletest -->
