<?xml version="1.0" encoding="UTF-8"?>
<!-- Generated by org.testng.reporters.JUnitReportReporter -->
<testsuite skipped="2" hostname="BDC6-DX-84HRX52" name="testngdemos.ignoreTest" tests="4" failures="0" timestamp="2020-01-21T14:30:28 IST" time="0.032" errors="0">
  <testcase name="test4" time="0.003" classname="testngdemos.ignoreTest"/>
  <testcase name="test3" time="0.029" classname="testngdemos.ignoreTest"/>
  <testcase name="test5" classname="testngdemos.ignoreTest">
    <skipped/>
  </testcase> <!-- test5 -->
  <testcase name="test1" classname="testngdemos.ignoreTest">
    <skipped/>
  </testcase> <!-- test1 -->
</testsuite> <!-- testngdemos.ignoreTest -->
