<?xml version="1.0" encoding="UTF-8"?>
<!-- Generated by org.testng.reporters.JUnitReportReporter -->
<testsuite skipped="0" hostname="BDC6-DX-84HRX52" name="testngdemos.dataProvider1" tests="2" failures="0" timestamp="2020-01-21T15:02:56 IST" time="0.016" errors="0">
  <testcase name="DataInfo" time="0.002" classname="testngdemos.dataProvider1"/>
  <testcase name="DataInfo" time="0.014" classname="testngdemos.dataProvider1"/>
</testsuite> <!-- testngdemos.dataProvider1 -->
