<?xml version="1.0" encoding="UTF-8"?>
<!-- Generated by org.testng.reporters.JUnitReportReporter -->
<testsuite skipped="0" hostname="BDC6-DX-84HRX52" name="testngdemos.Assertweb" tests="6" failures="0" timestamp="2020-01-22T09:46:54 IST" time="75.726" errors="0">
  <testcase name="verifyHomePageTitle11" time="11.850" classname="testngdemos.Assertweb"/>
  <testcase name="verifyHomePageTitle1" time="12.383" classname="testngdemos.Assertweb"/>
  <testcase name="verifyHomePageTitle16" time="12.221" classname="testngdemos.Assertweb"/>
  <testcase name="verifyHomePageTitle2" time="13.503" classname="testngdemos.Assertweb"/>
  <testcase name="verifyHomePageTitle3" time="13.892" classname="testngdemos.Assertweb"/>
  <testcase name="verifyHomePageTitle4" time="11.877" classname="testngdemos.Assertweb"/>
</testsuite> <!-- testngdemos.Assertweb -->
